ID = 10 : アイテム名.fmg = Title-Goods.fmg
ID = 11 : 武器名.fmg = Title-Weapons.fmg
ID = 12 : 防具名.fmg = Title-Armor.fmg
ID = 13 : アクセサリ名.fmg = Title-Rings.fmg
ID = 14 : 魔法名.fmg = Title-Spells.fmg
ID = 18 : NPC名.fmg = Title-Characters.fmg
ID = 19 : 地名.fmg = Title-Locations.fmg
ID = 20 : アイテム説明.fm = Summary-Goods.fmg
ID = 21 : 武器説明.fmg = Summary-Weapons.fmg
ID = 22 : 防具説明.fmg = Summary-Armor.fmg
ID = 23 : アクセサリ説明.fmg = Summary-Rings.fmg
ID = 24 : アイテムうんちく.fmg = Description-Goods.fmg
ID = 25 : 武器うんちく.fmg = Description-Weapons.fmg
ID = 26 : 防具うんちく.fmg = Description-Armor.fmg
ID = 27 : アクセサリうんちく.fmg = Description-Rings.fmg
ID = 28 : 魔法説明.fmg = Summary-Spells.fmg
ID = 29 : 魔法うんちく.fmg = Description-Spells.fmg
ID = 210 : アイテム名_dlc1.fmg = Title-Goods-DLC1.fmg
ID = 211 : 武器名_dlc1.fmg = Title-Weapons-DLC1.fmg
ID = 212 : 防具名_dlc1.fmg = Title-Armor-DLC1.fmg
ID = 213 : アクセサリ名_dlc1.fmg = Title-Rings-DLC1.fmg
ID = 214 : 魔法名_dlc1.fmg = Title-Spells-DLC1.fmg
ID = 215 : NPC名_dlc1.fmg = Title-Characters-DLC1.fmg
ID = 216 : 地名_dlc1.fmg = Title-Locations-DLC1.fmg
ID = 217 : アイテム説明_dlc1.fmg = Summary-Goods-DLC1.fmg
ID = 220 : アクセサリ説明_dlc1.fmg = Summary-Rings-DLC1.fmg
ID = 221 : アイテムうんちく_dlc1.fmg = Description-Goods-DLC1.fmg
ID = 222 : 武器うんちく_dlc1.fmg = Description-Weapons-DLC1.fmg
ID = 223 : 防具うんちく_dlc1.fmg = Description-Armor-DLC1.fmg
ID = 224 : アクセサリうんちく_dlc1.fmg = Description-Rings-DLC1.fmg
ID = 225 : 魔法説明_dlc1.fmg = Summary-Spells-DLC1.fmg
ID = 226 : 魔法うんちく_dlc1.fmg = Description-Spells-DLC1.fmg
ID = 250 : アイテム名_dlc2.fmg = Title-Goods-DLC2.fmg
ID = 251 : 武器名_dlc2.fmg = Title-Weapons-DLC2.fmg
ID = 252 : 防具名_dlc2.fmg = Title-Armor-DLC2.fmg
ID = 253 : アクセサリ名_dlc2.fmg = Title-Rings-DLC2.fmg
ID = 254 : 魔法名_dlc2.fmg = Title-Spells-DLC2.fmg
ID = 255 : NPC名_dlc2.fm = Title-Characters-DLC2.fmg
ID = 256 : 地名_dlc2.fmg = Title-Locations-DLC2.fmg
ID = 257 : アイテム説明_dlc2.fmg = Summary-Goods-DLC2.fmg
ID = 260 : アクセサリ説明_dlc2.fmg = Summary-Rings-DLC2.fmg
ID = 261 : アイテムうんちく_dlc2.fmg = Description-Goods-DLC2.fmg
ID = 262 : 武器うんちく_dlc2.fmg = Description-Weapons-DLC2.fmg
ID = 263 : 防具うんちく_dlc2.fmg = Description-Armor-DLC2.fmg
ID = 264 : アクセサリうんちく_dlc2.fmg = Description-Rings-DLC2.fmg
ID = 265 : 魔法説明_dlc2.fmg = Summary-Spells-DLC2.fmg
ID = 266 : 魔法うんちく_dlc2.fmg = Description-Spells-DLC2.fmg